<?xml version="1.0" encoding="UTF-8"?>
<!-- Generated by org.testng.reporters.JUnitReportReporter -->
<testsuite hostname="KChendil" name="Roles_SOAPEndpoints" tests="21" failures="0" timestamp="11 Jun 2014 10:18:40 GMT" time="5.213" errors="0">
  <testcase name="getUser" time="0.488" classname="Roles_SOAPEndpoints"/>
  <testcase name="getConfigProperty" time="0.046" classname="Roles_SOAPEndpoints"/>
  <testcase name="modifyRoleAid" time="0.498" classname="Roles_SOAPEndpoints"/>
  <testcase name="getContainer" time="0.066" classname="Roles_SOAPEndpoints"/>
  <testcase name="getRoleLevels" time="0.137" classname="Roles_SOAPEndpoints"/>
  <testcase name="getRolesInfoByCategory" time="0.170" classname="Roles_SOAPEndpoints"/>
  <testcase name="isUserInRole" time="0.007" classname="Roles_SOAPEndpoints"/>
  <testcase name="getConfiguration" time="0.252" classname="Roles_SOAPEndpoints"/>
  <testcase name="getRole" time="0.285" classname="Roles_SOAPEndpoints"/>
  <testcase name="modifyRole" time="0.503" classname="Roles_SOAPEndpoints"/>
  <testcase name="removeRole" time="0.492" classname="Roles_SOAPEndpoints"/>
  <testcase name="removeRoleAid" time="0.628" classname="Roles_SOAPEndpoints"/>
  <testcase name="getVersion" time="0.010" classname="Roles_SOAPEndpoints"/>
  <testcase name="getRoleCategories" time="0.076" classname="Roles_SOAPEndpoints"/>
  <testcase name="getAssignedIdentities" time="0.048" classname="Roles_SOAPEndpoints"/>
  <testcase name="createRoleAid" time="0.425" classname="Roles_SOAPEndpoints"/>
  <testcase name="getRolesInfoByLevel" time="0.190" classname="Roles_SOAPEndpoints"/>
  <testcase name="getGroup" time="0.016" classname="Roles_SOAPEndpoints"/>
  <testcase name="getRoleLocalizedStrings" time="0.058" classname="Roles_SOAPEndpoints"/>
  <testcase name="getRoleInfo" time="0.102" classname="Roles_SOAPEndpoints"/>
  <testcase name="createRole" time="0.716" classname="Roles_SOAPEndpoints"/>
</testsuite> <!-- Roles_SOAPEndpoints -->
